2025-05-14 10:00:56.518 [JavaFX Application Thread] INFO  com.znh.siemens.StartApplication - plc采集程序启动成功
2025-05-14 10:06:54.392 [JavaFX Application Thread] INFO  com.znh.siemens.controller.TighteningController - 拧紧控制器HTTP服务器已启动，端口：5002
2025-05-14 10:07:17.626 [Thread-7] INFO  com.znh.siemens.controller.TighteningController - PUT Data: ID=null, data={
  "model": {
    "resultNumber": 4,
    "controllerDateTime": "2025-04-27T16:53:17+08:00",
    "cycleOKProgrammed": 1,
    "cycleOKCount": 0,
    "operationCount": 1,
    "operationName": "F 11.00 Nm",
    "report": "NOK",
    "spindleCount": 1,
    "controller": {
      "name": "OP100-1@70.9.5.2",
      "ip": "70.9.5.2",
      "type": 6
    },
    "tighteningUnit": {
      "name": "OP100-1",
      "number": 1
    },
    "pSet": {
      "comment": "F 11.00 Nm",
      "number": 1,
      "torqueUnit": 0,
      "initialTorqueUnit": 0
    },
    "identifiers": [],
    "results": [
      {
        "tool": {
          "number": 1,
          "serialNumber": "24M73600"
        },
        "steps": [
          {
            "configuration": {
              "angleMaxTolerance": 0.0,
              "angleMinTolerance": 0.0,
              "angleTarget": 0.0,
              "angleThreshold": 0.0,
              "maxCurrent": 0.0,
              "minCurrent": 0.0,
              "number": 3,
              "numberDiscriminant": 0,
              "type": 20,
              "torqueMaxTolerance": 11.300000190734863,
              "torqueMinTolerance": 10.699999809265137,
              "torqueRateMaxTolerance": 0.0,
              "torqueRateMinTolerance": 0.0,
              "torqueRateTarget": 0.0,
              "torqueTarget": 11.0
            },
            "data": {
              "angleTrend": 0,
              "currentTrend": 0,
              "cycleOKCount": 0,
              "errorCode": 0,
              "finalAngle": 0.0,
              "finalCurrent": 0.0,
              "finalTorque": 11.370782852172852,
              "finalTorqueRate": 0.0,
              "infTorque": 0.0,
              "monitoring1Trend": 0,
              "monitoring2Trend": 0,
              "monitoringType": 0,
              "recordType": 0,
              "report": "NOK",
              "resultType": 1,
              "servoDriveError": 0,
              "supTorque": 0.0,
              "torqueAccuracy": 2,
              "torqueRateTrend": 0,
              "torqueTrend": 2,
              "isHeader": false,
              "isAggregation": true,
              "isAggregationTool": true
            }
          }
        ]
      }
    ],
    "divisionId": "c890cd09-5e91-4d10-9dc3-936a6b9b58ee",
    "divisionName": "Default Division",
    "factoryId": "82e61c1c-5e54-4025-be9c-7f4cf1b0d17d",
    "factoryName": "Default Factory",
    "assemblyLineId": "34dd05eb-c5f6-40ba-9373-f1013c413b60",
    "assemblyLineName": "Default Assembly line",
    "workingAreaId": "5fe74e0c-7e38-4ed9-81f0-cc1dc197cb17",
    "workingAreaName": "Default Working Area",
    "deviceId": "70.9.5.2",
    "virtualDeviceId": "70.9.5.2",
    "deviceName": "OP100-1@70.9.5.2",
    "deviceType": "TighteningProduct",
    "companyName": "Default Company"
  },
  "id": "70.9.5.2-27.04.2025 16:53:17 +08:00-1-4",
  "updatedAt": "2025-04-27T16:53:21.2600345+08:00",
  "createdAt": "2025-04-27T16:53:21.0402065+08:00"
}
2025-05-14 10:16:23.263 [Thread-7] INFO  com.znh.siemens.controller.TighteningController - PUT Data: ID=null, data={
  "model": {
    "resultNumber": 4,
    "controllerDateTime": "2025-04-27T16:53:17+08:00",
    "cycleOKProgrammed": 1,
    "cycleOKCount": 0,
    "operationCount": 1,
    "operationName": "F 11.00 Nm",
    "report": "NOK",
    "spindleCount": 1,
    "controller": {
      "name": "OP100-1@70.9.5.2",
      "ip": "70.9.5.2",
      "type": 6
    },
    "tighteningUnit": {
      "name": "OP100-1",
      "number": 1
    },
    "pSet": {
      "comment": "F 11.00 Nm",
      "number": 1,
      "torqueUnit": 0,
      "initialTorqueUnit": 0
    },
    "identifiers": [],
    "results": [
      {
        "tool": {
          "number": 1,
          "serialNumber": "24M73600"
        },
        "steps": [
          {
            "configuration": {
              "angleMaxTolerance": 0.0,
              "angleMinTolerance": 0.0,
              "angleTarget": 0.0,
              "angleThreshold": 0.0,
              "maxCurrent": 0.0,
              "minCurrent": 0.0,
              "number": 3,
              "numberDiscriminant": 0,
              "type": 20,
              "torqueMaxTolerance": 11.300000190734863,
              "torqueMinTolerance": 10.699999809265137,
              "torqueRateMaxTolerance": 0.0,
              "torqueRateMinTolerance": 0.0,
              "torqueRateTarget": 0.0,
              "torqueTarget": 11.0
            },
            "data": {
              "angleTrend": 0,
              "currentTrend": 0,
              "cycleOKCount": 0,
              "errorCode": 0,
              "finalAngle": 0.0,
              "finalCurrent": 0.0,
              "finalTorque": 11.370782852172852,
              "finalTorqueRate": 0.0,
              "infTorque": 0.0,
              "monitoring1Trend": 0,
              "monitoring2Trend": 0,
              "monitoringType": 0,
              "recordType": 0,
              "report": "NOK",
              "resultType": 1,
              "servoDriveError": 0,
              "supTorque": 0.0,
              "torqueAccuracy": 2,
              "torqueRateTrend": 0,
              "torqueTrend": 2,
              "isHeader": false,
              "isAggregation": true,
              "isAggregationTool": true
            }
          }
        ]
      }
    ],
    "divisionId": "c890cd09-5e91-4d10-9dc3-936a6b9b58ee",
    "divisionName": "Default Division",
    "factoryId": "82e61c1c-5e54-4025-be9c-7f4cf1b0d17d",
    "factoryName": "Default Factory",
    "assemblyLineId": "34dd05eb-c5f6-40ba-9373-f1013c413b60",
    "assemblyLineName": "Default Assembly line",
    "workingAreaId": "5fe74e0c-7e38-4ed9-81f0-cc1dc197cb17",
    "workingAreaName": "Default Working Area",
    "deviceId": "70.9.5.2",
    "virtualDeviceId": "70.9.5.2",
    "deviceName": "OP100-1@70.9.5.2",
    "deviceType": "TighteningProduct",
    "companyName": "Default Company"
  },
  "id": "70.9.5.2-27.04.2025 16:53:17 +08:00-1-4",
  "updatedAt": "2025-04-27T16:53:21.2600345+08:00",
  "createdAt": "2025-04-27T16:53:21.0402065+08:00"
}
2025-05-14 10:27:39.109 [Thread-7] INFO  com.znh.siemens.controller.TighteningController - PUT Data: ID=null, data={
  "model": {
    "resultNumber": 4,
    "controllerDateTime": "2025-04-27T16:53:17+08:00",
    "cycleOKProgrammed": 1,
    "cycleOKCount": 0,
    "operationCount": 1,
    "operationName": "F 11.00 Nm",
    "report": "NOK",
    "spindleCount": 1,
    "controller": {
      "name": "OP100-1@70.9.5.2",
      "ip": "70.9.5.2",
      "type": 6
    },
    "tighteningUnit": {
      "name": "OP100-1",
      "number": 1
    },
    "pSet": {
      "comment": "F 11.00 Nm",
      "number": 1,
      "torqueUnit": 0,
      "initialTorqueUnit": 0
    },
    "identifiers": [],
    "results": [
      {
        "tool": {
          "number": 1,
          "serialNumber": "24M73600"
        },
        "steps": [
          {
            "configuration": {
              "angleMaxTolerance": 0.0,
              "angleMinTolerance": 0.0,
              "angleTarget": 0.0,
              "angleThreshold": 0.0,
              "maxCurrent": 0.0,
              "minCurrent": 0.0,
              "number": 3,
              "numberDiscriminant": 0,
              "type": 20,
              "torqueMaxTolerance": 11.300000190734863,
              "torqueMinTolerance": 10.699999809265137,
              "torqueRateMaxTolerance": 0.0,
              "torqueRateMinTolerance": 0.0,
              "torqueRateTarget": 0.0,
              "torqueTarget": 11.0
            },
            "data": {
              "angleTrend": 0,
              "currentTrend": 0,
              "cycleOKCount": 0,
              "errorCode": 0,
              "finalAngle": 0.0,
              "finalCurrent": 0.0,
              "finalTorque": 11.370782852172852,
              "finalTorqueRate": 0.0,
              "infTorque": 0.0,
              "monitoring1Trend": 0,
              "monitoring2Trend": 0,
              "monitoringType": 0,
              "recordType": 0,
              "report": "NOK",
              "resultType": 1,
              "servoDriveError": 0,
              "supTorque": 0.0,
              "torqueAccuracy": 2,
              "torqueRateTrend": 0,
              "torqueTrend": 2,
              "isHeader": false,
              "isAggregation": true,
              "isAggregationTool": true
            }
          }
        ]
      }
    ],
    "divisionId": "c890cd09-5e91-4d10-9dc3-936a6b9b58ee",
    "divisionName": "Default Division",
    "factoryId": "82e61c1c-5e54-4025-be9c-7f4cf1b0d17d",
    "factoryName": "Default Factory",
    "assemblyLineId": "34dd05eb-c5f6-40ba-9373-f1013c413b60",
    "assemblyLineName": "Default Assembly line",
    "workingAreaId": "5fe74e0c-7e38-4ed9-81f0-cc1dc197cb17",
    "workingAreaName": "Default Working Area",
    "deviceId": "70.9.5.2",
    "virtualDeviceId": "70.9.5.2",
    "deviceName": "OP100-1@70.9.5.2",
    "deviceType": "TighteningProduct",
    "companyName": "Default Company"
  },
  "id": "70.9.5.2-27.04.2025 16:53:17 +08:00-1-4",
  "updatedAt": "2025-04-27T16:53:21.2600345+08:00",
  "createdAt": "2025-04-27T16:53:21.0402065+08:00"
}
2025-05-14 10:46:53.727 [JavaFX Application Thread] INFO  com.znh.siemens.StartApplication - plc采集程序启动成功
2025-05-14 11:05:36.378 [JavaFX Application Thread] INFO  com.znh.siemens.controller.TighteningController - 拧紧控制器HTTP服务器已启动，端口：5002
2025-05-14 11:05:42.814 [Thread-7] INFO  com.znh.siemens.controller.TighteningController - PUT Data: ID=null, data={
  "model": {
    "resultNumber": 4,
    "controllerDateTime": "2025-04-27T16:53:17+08:00",
    "cycleOKProgrammed": 1,
    "cycleOKCount": 0,
    "operationCount": 1,
    "operationName": "F 11.00 Nm",
    "report": "NOK",
    "spindleCount": 1,
    "controller": {
      "name": "OP100-1@70.9.5.2",
      "ip": "70.9.5.2",
      "type": 6
    },
    "tighteningUnit": {
      "name": "OP100-1",
      "number": 1
    },
    "pSet": {
      "comment": "F 11.00 Nm",
      "number": 1,
      "torqueUnit": 0,
      "initialTorqueUnit": 0
    },
    "identifiers": [],
    "results": [
      {
        "tool": {
          "number": 1,
          "serialNumber": "24M73600"
        },
        "steps": [
          {
            "configuration": {
              "angleMaxTolerance": 0.0,
              "angleMinTolerance": 0.0,
              "angleTarget": 0.0,
              "angleThreshold": 0.0,
              "maxCurrent": 0.0,
              "minCurrent": 0.0,
              "number": 3,
              "numberDiscriminant": 0,
              "type": 20,
              "torqueMaxTolerance": 11.300000190734863,
              "torqueMinTolerance": 10.699999809265137,
              "torqueRateMaxTolerance": 0.0,
              "torqueRateMinTolerance": 0.0,
              "torqueRateTarget": 0.0,
              "torqueTarget": 11.0
            },
            "data": {
              "angleTrend": 0,
              "currentTrend": 0,
              "cycleOKCount": 0,
              "errorCode": 0,
              "finalAngle": 0.0,
              "finalCurrent": 0.0,
              "finalTorque": 11.370782852172852,
              "finalTorqueRate": 0.0,
              "infTorque": 0.0,
              "monitoring1Trend": 0,
              "monitoring2Trend": 0,
              "monitoringType": 0,
              "recordType": 0,
              "report": "NOK",
              "resultType": 1,
              "servoDriveError": 0,
              "supTorque": 0.0,
              "torqueAccuracy": 2,
              "torqueRateTrend": 0,
              "torqueTrend": 2,
              "isHeader": false,
              "isAggregation": true,
              "isAggregationTool": true
            }
          }
        ]
      }
    ],
    "divisionId": "c890cd09-5e91-4d10-9dc3-936a6b9b58ee",
    "divisionName": "Default Division",
    "factoryId": "82e61c1c-5e54-4025-be9c-7f4cf1b0d17d",
    "factoryName": "Default Factory",
    "assemblyLineId": "34dd05eb-c5f6-40ba-9373-f1013c413b60",
    "assemblyLineName": "Default Assembly line",
    "workingAreaId": "5fe74e0c-7e38-4ed9-81f0-cc1dc197cb17",
    "workingAreaName": "Default Working Area",
    "deviceId": "70.9.5.2",
    "virtualDeviceId": "70.9.5.2",
    "deviceName": "OP100-1@70.9.5.2",
    "deviceType": "TighteningProduct",
    "companyName": "Default Company"
  },
  "id": "70.9.5.2-27.04.2025 16:53:17 +08:00-1-4",
  "updatedAt": "2025-04-27T16:53:21.2600345+08:00",
  "createdAt": "2025-04-27T16:53:21.0402065+08:00"
}
2025-05-14 12:43:22.654 [JavaFX Application Thread] INFO  com.znh.siemens.StartApplication - plc采集程序启动成功
2025-05-14 12:43:28.618 [JavaFX Application Thread] INFO  com.znh.siemens.controller.TighteningController - 拧紧控制器HTTP服务器已启动，端口：5002
2025-05-14 12:43:31.938 [Thread-7] INFO  com.znh.siemens.controller.TighteningController - PUT Data: ID=null, data={
  "model": {
    "resultNumber": 4,
    "controllerDateTime": "2025-04-27T16:53:17+08:00",
    "cycleOKProgrammed": 1,
    "cycleOKCount": 0,
    "operationCount": 1,
    "operationName": "F 11.00 Nm",
    "report": "NOK",
    "spindleCount": 1,
    "controller": {
      "name": "OP100-1@70.9.5.2",
      "ip": "70.9.5.2",
      "type": 6
    },
    "tighteningUnit": {
      "name": "OP100-1",
      "number": 1
    },
    "pSet": {
      "comment": "F 11.00 Nm",
      "number": 1,
      "torqueUnit": 0,
      "initialTorqueUnit": 0
    },
    "identifiers": [],
    "results": [
      {
        "tool": {
          "number": 1,
          "serialNumber": "24M73600"
        },
        "steps": [
          {
            "configuration": {
              "angleMaxTolerance": 0.0,
              "angleMinTolerance": 0.0,
              "angleTarget": 0.0,
              "angleThreshold": 0.0,
              "maxCurrent": 0.0,
              "minCurrent": 0.0,
              "number": 3,
              "numberDiscriminant": 0,
              "type": 20,
              "torqueMaxTolerance": 11.300000190734863,
              "torqueMinTolerance": 10.699999809265137,
              "torqueRateMaxTolerance": 0.0,
              "torqueRateMinTolerance": 0.0,
              "torqueRateTarget": 0.0,
              "torqueTarget": 11.0
            },
            "data": {
              "angleTrend": 0,
              "currentTrend": 0,
              "cycleOKCount": 0,
              "errorCode": 0,
              "finalAngle": 0.0,
              "finalCurrent": 0.0,
              "finalTorque": 11.370782852172852,
              "finalTorqueRate": 0.0,
              "infTorque": 0.0,
              "monitoring1Trend": 0,
              "monitoring2Trend": 0,
              "monitoringType": 0,
              "recordType": 0,
              "report": "NOK",
              "resultType": 1,
              "servoDriveError": 0,
              "supTorque": 0.0,
              "torqueAccuracy": 2,
              "torqueRateTrend": 0,
              "torqueTrend": 2,
              "isHeader": false,
              "isAggregation": true,
              "isAggregationTool": true
            }
          }
        ]
      }
    ],
    "divisionId": "c890cd09-5e91-4d10-9dc3-936a6b9b58ee",
    "divisionName": "Default Division",
    "factoryId": "82e61c1c-5e54-4025-be9c-7f4cf1b0d17d",
    "factoryName": "Default Factory",
    "assemblyLineId": "34dd05eb-c5f6-40ba-9373-f1013c413b60",
    "assemblyLineName": "Default Assembly line",
    "workingAreaId": "5fe74e0c-7e38-4ed9-81f0-cc1dc197cb17",
    "workingAreaName": "Default Working Area",
    "deviceId": "70.9.5.2",
    "virtualDeviceId": "70.9.5.2",
    "deviceName": "OP100-1@70.9.5.2",
    "deviceType": "TighteningProduct",
    "companyName": "Default Company"
  },
  "id": "70.9.5.2-27.04.2025 16:53:17 +08:00-1-4",
  "updatedAt": "2025-04-27T16:53:21.2600345+08:00",
  "createdAt": "2025-04-27T16:53:21.0402065+08:00"
}
2025-05-14 12:44:16.030 [JavaFX Application Thread] INFO  com.znh.siemens.StartApplication - plc采集程序启动成功
2025-05-14 12:44:47.062 [JavaFX Application Thread] INFO  com.znh.siemens.controller.TighteningController - 拧紧控制器HTTP服务器已启动，端口：5002
2025-05-14 12:46:29.293 [Thread-7] INFO  com.znh.siemens.controller.TighteningController - PUT Data: ID=null, data={
  "model": {
    "resultNumber": 4,
    "controllerDateTime": "2025-04-27T16:53:17+08:00",
    "cycleOKProgrammed": 1,
    "cycleOKCount": 0,
    "operationCount": 1,
    "operationName": "F 11.00 Nm",
    "report": "NOK",
    "spindleCount": 1,
    "controller": {
      "name": "OP100-1@70.9.5.2",
      "ip": "70.9.5.2",
      "type": 6
    },
    "tighteningUnit": {
      "name": "OP100-1",
      "number": 1
    },
    "pSet": {
      "comment": "F 11.00 Nm",
      "number": 1,
      "torqueUnit": 0,
      "initialTorqueUnit": 0
    },
    "identifiers": [],
    "results": [
      {
        "tool": {
          "number": 1,
          "serialNumber": "24M73600"
        },
        "steps": [
          {
            "configuration": {
              "angleMaxTolerance": 0.0,
              "angleMinTolerance": 0.0,
              "angleTarget": 0.0,
              "angleThreshold": 0.0,
              "maxCurrent": 0.0,
              "minCurrent": 0.0,
              "number": 3,
              "numberDiscriminant": 0,
              "type": 20,
              "torqueMaxTolerance": 11.300000190734863,
              "torqueMinTolerance": 10.699999809265137,
              "torqueRateMaxTolerance": 0.0,
              "torqueRateMinTolerance": 0.0,
              "torqueRateTarget": 0.0,
              "torqueTarget": 11.0
            },
            "data": {
              "angleTrend": 0,
              "currentTrend": 0,
              "cycleOKCount": 0,
              "errorCode": 0,
              "finalAngle": 0.0,
              "finalCurrent": 0.0,
              "finalTorque": 11.370782852172852,
              "finalTorqueRate": 0.0,
              "infTorque": 0.0,
              "monitoring1Trend": 0,
              "monitoring2Trend": 0,
              "monitoringType": 0,
              "recordType": 0,
              "report": "NOK",
              "resultType": 1,
              "servoDriveError": 0,
              "supTorque": 0.0,
              "torqueAccuracy": 2,
              "torqueRateTrend": 0,
              "torqueTrend": 2,
              "isHeader": false,
              "isAggregation": true,
              "isAggregationTool": true
            }
          }
        ]
      }
    ],
    "divisionId": "c890cd09-5e91-4d10-9dc3-936a6b9b58ee",
    "divisionName": "Default Division",
    "factoryId": "82e61c1c-5e54-4025-be9c-7f4cf1b0d17d",
    "factoryName": "Default Factory",
    "assemblyLineId": "34dd05eb-c5f6-40ba-9373-f1013c413b60",
    "assemblyLineName": "Default Assembly line",
    "workingAreaId": "5fe74e0c-7e38-4ed9-81f0-cc1dc197cb17",
    "workingAreaName": "Default Working Area",
    "deviceId": "70.9.5.2",
    "virtualDeviceId": "70.9.5.2",
    "deviceName": "OP100-1@70.9.5.2",
    "deviceType": "TighteningProduct",
    "companyName": "Default Company"
  },
  "id": "70.9.5.2-27.04.2025 16:53:17 +08:00-1-4",
  "updatedAt": "2025-04-27T16:53:21.2600345+08:00",
  "createdAt": "2025-04-27T16:53:21.0402065+08:00"
}
2025-05-14 12:46:38.518 [JavaFX Application Thread] INFO  com.znh.siemens.StartApplication - plc采集程序启动成功
2025-05-14 12:46:58.309 [JavaFX Application Thread] INFO  com.znh.siemens.controller.TighteningController - 拧紧控制器HTTP服务器已启动，端口：5002
2025-05-14 12:48:06.909 [JavaFX Application Thread] INFO  com.znh.siemens.StartApplication - plc采集程序启动成功
2025-05-14 12:48:11.560 [JavaFX Application Thread] INFO  com.znh.siemens.controller.TighteningController - 拧紧控制器HTTP服务器已启动，端口：5002
2025-05-14 12:50:33.145 [JavaFX Application Thread] INFO  com.znh.siemens.StartApplication - plc采集程序启动成功
2025-05-14 12:50:39.717 [JavaFX Application Thread] INFO  com.znh.siemens.controller.TighteningController - 拧紧控制器HTTP服务器已启动，端口：5002
2025-05-14 14:45:59.455 [JavaFX Application Thread] INFO  com.znh.siemens.StartApplication - Program start!!!
