2025-05-16 11:09:03.914 [JavaFX Application Thread] WARN  com.znh.siemens.utils.ApiService - PLC账号配置文件不存在: data/mes_accounts.json
2025-05-16 11:09:05.088 [JavaFX Application Thread] INFO  com.znh.siemens.StartApplication - Program start!!!
2025-05-16 11:09:50.947 [JavaFX Application Thread] WARN  com.znh.siemens.utils.ApiService - PLC账号配置文件不存在: data/mes_accounts.json
2025-05-16 11:09:51.813 [JavaFX Application Thread] INFO  com.znh.siemens.StartApplication - Program start!!!
2025-05-16 11:10:02.987 [JavaFX Application Thread] WARN  com.znh.siemens.utils.ApiService - PLC账号配置文件不存在: data/mes_accounts.json
2025-05-16 11:10:03.600 [JavaFX Application Thread] INFO  com.znh.siemens.StartApplication - Program start!!!
2025-05-16 11:10:35.913 [JavaFX Application Thread] INFO  com.znh.siemens.utils.ApiService - 成功加载 3 个PLC账号配置
2025-05-16 11:10:36.571 [JavaFX Application Thread] INFO  com.znh.siemens.StartApplication - Program start!!!
2025-05-16 11:13:02.236 [JavaFX Application Thread] INFO  com.znh.siemens.utils.ApiService - 成功加载 3 个PLC账号配置
2025-05-16 11:13:02.913 [JavaFX Application Thread] INFO  com.znh.siemens.StartApplication - Program start!!!
2025-05-16 11:13:31.498 [JavaFX Application Thread] INFO  com.znh.siemens.utils.ApiService - 成功加载 3 个PLC账号配置
2025-05-16 11:13:32.157 [JavaFX Application Thread] INFO  com.znh.siemens.StartApplication - Program start!!!
2025-05-16 22:16:47.086 [JavaFX Application Thread] INFO  com.znh.siemens.utils.ApiService - 成功加载 3 个PLC账号配置
2025-05-16 22:16:47.842 [JavaFX Application Thread] INFO  com.znh.siemens.StartApplication - Program start!!!
2025-05-16 22:17:58.738 [JavaFX Application Thread] INFO  c.znh.siemens.controller.SiemensWindowsController - 已选择PLC账号: plc1
2025-05-16 22:17:59.256 [JavaFX Application Thread] INFO  com.znh.siemens.controller.TighteningController - http service start, port：5002
2025-05-16 22:18:24.194 [Thread-7] INFO  com.znh.siemens.controller.TighteningController - PUT Data: ID=null, data={
  "model": {
    "resultNumber": 4,
    "controllerDateTime": "2025-04-27T16:53:17+08:00",
    "cycleOKProgrammed": 1,
    "cycleOKCount": 0,
    "operationCount": 1,
    "operationName": "F 11.00 Nm",
    "report": "NOK",
    "spindleCount": 1,
    "controller": {
      "name": "OP100-1@70.9.5.2",
      "ip": "70.9.5.2",
      "type": 6
    },
    "tighteningUnit": {
      "name": "OP100-1",
      "number": 1
    },
    "pSet": {
      "comment": "F 11.00 Nm",
      "number": 1,
      "torqueUnit": 0,
      "initialTorqueUnit": 0
    },
    "identifiers": [],
    "results": [
      {
        "tool": {
          "number": 1,
          "serialNumber": "24M73600"
        },
        "steps": [
          {
            "configuration": {
              "angleMaxTolerance": 0.0,
              "angleMinTolerance": 0.0,
              "angleTarget": 0.0,
              "angleThreshold": 0.0,
              "maxCurrent": 0.0,
              "minCurrent": 0.0,
              "number": 3,
              "numberDiscriminant": 0,
              "type": 20,
              "torqueMaxTolerance": 11.300000190734863,
              "torqueMinTolerance": 10.699999809265137,
              "torqueRateMaxTolerance": 0.0,
              "torqueRateMinTolerance": 0.0,
              "torqueRateTarget": 0.0,
              "torqueTarget": 11.0
            },
            "data": {
              "angleTrend": 0,
              "currentTrend": 0,
              "cycleOKCount": 0,
              "errorCode": 0,
              "finalAngle": 0.0,
              "finalCurrent": 0.0,
              "finalTorque": 11.370782852172852,
              "finalTorqueRate": 0.0,
              "infTorque": 0.0,
              "monitoring1Trend": 0,
              "monitoring2Trend": 0,
              "monitoringType": 0,
              "recordType": 0,
              "report": "NOK",
              "resultType": 1,
              "servoDriveError": 0,
              "supTorque": 0.0,
              "torqueAccuracy": 2,
              "torqueRateTrend": 0,
              "torqueTrend": 2,
              "isHeader": false,
              "isAggregation": true,
              "isAggregationTool": true
            }
          }
        ]
      }
    ],
    "divisionId": "c890cd09-5e91-4d10-9dc3-936a6b9b58ee",
    "divisionName": "Default Division",
    "factoryId": "82e61c1c-5e54-4025-be9c-7f4cf1b0d17d",
    "factoryName": "Default Factory",
    "assemblyLineId": "34dd05eb-c5f6-40ba-9373-f1013c413b60",
    "assemblyLineName": "Default Assembly line",
    "workingAreaId": "5fe74e0c-7e38-4ed9-81f0-cc1dc197cb17",
    "workingAreaName": "Default Working Area",
    "deviceId": "70.9.5.2",
    "virtualDeviceId": "70.9.5.2",
    "deviceName": "OP100-1@70.9.5.2",
    "deviceType": "TighteningProduct",
    "companyName": "Default Company"
  },
  "id": "70.9.5.2-27.04.2025 16:53:17 +08:00-1-4",
  "updatedAt": "2025-04-27T16:53:21.2600345+08:00",
  "createdAt": "2025-04-27T16:53:21.0402065+08:00"
}
2025-05-16 22:21:05.806 [Thread-7] INFO  com.znh.siemens.controller.TighteningController - PUT Data: ID=70.9.5.2-16.05.2025, data={
  "model": {
    "resultNumber": 4,
    "controllerDateTime": "2025-04-27T16:53:17+08:00",
    "cycleOKProgrammed": 1,
    "cycleOKCount": 0,
    "operationCount": 1,
    "operationName": "F 11.00 Nm",
    "report": "NOK",
    "spindleCount": 1,
    "controller": {
      "name": "OP100-1@70.9.5.2",
      "ip": "70.9.5.2",
      "type": 6
    },
    "tighteningUnit": {
      "name": "OP100-1",
      "number": 1
    },
    "pSet": {
      "comment": "F 11.00 Nm",
      "number": 1,
      "torqueUnit": 0,
      "initialTorqueUnit": 0
    },
    "identifiers": [],
    "results": [
      {
        "tool": {
          "number": 1,
          "serialNumber": "24M73600"
        },
        "steps": [
          {
            "configuration": {
              "angleMaxTolerance": 0.0,
              "angleMinTolerance": 0.0,
              "angleTarget": 0.0,
              "angleThreshold": 0.0,
              "maxCurrent": 0.0,
              "minCurrent": 0.0,
              "number": 3,
              "numberDiscriminant": 0,
              "type": 20,
              "torqueMaxTolerance": 11.300000190734863,
              "torqueMinTolerance": 10.699999809265137,
              "torqueRateMaxTolerance": 0.0,
              "torqueRateMinTolerance": 0.0,
              "torqueRateTarget": 0.0,
              "torqueTarget": 11.0
            },
            "data": {
              "angleTrend": 0,
              "currentTrend": 0,
              "cycleOKCount": 0,
              "errorCode": 0,
              "finalAngle": 0.0,
              "finalCurrent": 0.0,
              "finalTorque": 11.370782852172852,
              "finalTorqueRate": 0.0,
              "infTorque": 0.0,
              "monitoring1Trend": 0,
              "monitoring2Trend": 0,
              "monitoringType": 0,
              "recordType": 0,
              "report": "NOK",
              "resultType": 1,
              "servoDriveError": 0,
              "supTorque": 0.0,
              "torqueAccuracy": 2,
              "torqueRateTrend": 0,
              "torqueTrend": 2,
              "isHeader": false,
              "isAggregation": true,
              "isAggregationTool": true
            }
          }
        ]
      }
    ],
    "divisionId": "c890cd09-5e91-4d10-9dc3-936a6b9b58ee",
    "divisionName": "Default Division",
    "factoryId": "82e61c1c-5e54-4025-be9c-7f4cf1b0d17d",
    "factoryName": "Default Factory",
    "assemblyLineId": "34dd05eb-c5f6-40ba-9373-f1013c413b60",
    "assemblyLineName": "Default Assembly line",
    "workingAreaId": "5fe74e0c-7e38-4ed9-81f0-cc1dc197cb17",
    "workingAreaName": "Default Working Area",
    "deviceId": "70.9.5.2",
    "virtualDeviceId": "70.9.5.2",
    "deviceName": "OP100-1@70.9.5.2",
    "deviceType": "TighteningProduct",
    "companyName": "Default Company"
  },
  "id": "70.9.5.2-27.04.2025 16:53:17 +08:00-1-4",
  "updatedAt": "2025-04-27T16:53:21.2600345+08:00",
  "createdAt": "2025-04-27T16:53:21.0402065+08:00"
}
